# JRE version: Java(TM) SE Runtime Environment (8.0_05-b13) (build 1.8.0_05-b13)
# Java VM: Java HotSpot(TM) 64-Bit Server VM (25.5-b02 mixed mode windows-amd64 compressed oops)
Heap:
 PSYoungGen      total 14336K, used 7769K [0x00000000eb980000, 0x00000000ece80000, 0x0000000100000000)
  eden space 10752K, 53% used [0x00000000eb980000,0x00000000ebf17fa0,0x00000000ec400000)
  from space 3584K, 56% used [0x00000000ecb00000,0x00000000eccfe588,0x00000000ece80000)
  to   space 1536K, 0% used [0x00000000ec400000,0x00000000ec400000,0x00000000ec580000)
 ParOldGen       total 61952K, used 8466K [0x00000000c2c00000, 0x00000000c6880000, 0x00000000eb980000)
  object space 61952K, 13% used [0x00000000c2c00000,0x00000000c3444af0,0x00000000c6880000)
 Metaspace       used 14781K, capacity 15002K, committed 15232K, reserved 1062912K
  class space    used 1843K, capacity 1913K, committed 1920K, reserved 1048576K
GC Heap History (10 events):
Event: 3.453 GC heap before
{Heap before GC invocations=16 (full 0):
 PSYoungGen      total 6144K, used 5708K [0x00000000eb980000, 0x00000000ec380000, 0x0000000100000000)
  eden space 5120K, 100% used [0x00000000eb980000,0x00000000ebe80000,0x00000000ebe80000)
  from space 1024K, 57% used [0x00000000ebe80000,0x00000000ebf13210,0x00000000ebf80000)
  to   space 1024K, 0% used [0x00000000ec280000,0x00000000ec280000,0x00000000ec380000)
 ParOldGen       total 61952K, used 2205K [0x00000000c2c00000, 0x00000000c6880000, 0x00000000eb980000)
  object space 61952K, 3% used [0x00000000c2c00000,0x00000000c2e274d0,0x00000000c6880000)
 Metaspace       used 8329K, capacity 8488K, committed 8576K, reserved 1056768K
  class space    used 1023K, capacity 1084K, committed 1152K, reserved 1048576K
Event: 3.454 GC heap after
Heap after GC invocations=16 (full 0):
 PSYoungGen      total 9216K, used 475K [0x00000000eb980000, 0x00000000ec380000, 0x0000000100000000)
  eden space 8192K, 0% used [0x00000000eb980000,0x00000000eb980000,0x00000000ec180000)
  from space 1024K, 46% used [0x00000000ec280000,0x00000000ec2f6d78,0x00000000ec380000)
  to   space 1024K, 0% used [0x00000000ec180000,0x00000000ec180000,0x00000000ec280000)
 ParOldGen       total 61952K, used 2465K [0x00000000c2c00000, 0x00000000c6880000, 0x00000000eb980000)
  object space 61952K, 3% used [0x00000000c2c00000,0x00000000c2e686f0,0x00000000c6880000)
 Metaspace       used 8329K, capacity 8488K, committed 8576K, reserved 1056768K
  class space    used 1023K, capacity 1084K, committed 1152K, reserved 1048576K
}
Event: 3.594 GC heap before
{Heap before GC invocations=17 (full 0):
 PSYoungGen      total 9216K, used 8667K [0x00000000eb980000, 0x00000000ec380000, 0x0000000100000000)
  eden space 8192K, 100% used [0x00000000eb980000,0x00000000ec180000,0x00000000ec180000)
  from space 1024K, 46% used [0x00000000ec280000,0x00000000ec2f6d78,0x00000000ec380000)
  to   space 1024K, 0% used [0x00000000ec180000,0x00000000ec180000,0x00000000ec280000)
 ParOldGen       total 61952K, used 2465K [0x00000000c2c00000, 0x00000000c6880000, 0x00000000eb980000)
  object space 61952K, 3% used [0x00000000c2c00000,0x00000000c2e686f0,0x00000000c6880000)
 Metaspace       used 8915K, capacity 9172K, committed 9472K, reserved 1056768K
  class space    used 1098K, capacity 1182K, committed 1280K, reserved 1048576K
Event: 3.595 GC heap after
Heap after GC invocations=17 (full 0):
 PSYoungGen      total 9216K, used 1000K [0x00000000eb980000, 0x00000000ec800000, 0x0000000100000000)
  eden space 8192K, 0% used [0x00000000eb980000,0x00000000eb980000,0x00000000ec180000)
  from space 1024K, 97% used [0x00000000ec180000,0x00000000ec27a3d0,0x00000000ec280000)
  to   space 1536K, 0% used [0x00000000ec680000,0x00000000ec680000,0x00000000ec800000)
 ParOldGen       total 61952K, used 2792K [0x00000000c2c00000, 0x00000000c6880000, 0x00000000eb980000)
  object space 61952K, 4% used [0x00000000c2c00000,0x00000000c2eba3c0,0x00000000c6880000)
 Metaspace       used 8915K, capacity 9172K, committed 9472K, reserved 1056768K
  class space    used 1098K, capacity 1182K, committed 1280K, reserved 1048576K
}
Event: 3.718 GC heap before
{Heap before GC invocations=18 (full 0):
 PSYoungGen      total 9216K, used 9192K [0x00000000eb980000, 0x00000000ec800000, 0x0000000100000000)
  eden space 8192K, 100% used [0x00000000eb980000,0x00000000ec180000,0x00000000ec180000)
  from space 1024K, 97% used [0x00000000ec180000,0x00000000ec27a3d0,0x00000000ec280000)
  to   space 1536K, 0% used [0x00000000ec680000,0x00000000ec680000,0x00000000ec800000)
 ParOldGen       total 61952K, used 2792K [0x00000000c2c00000, 0x00000000c6880000, 0x00000000eb980000)
  object space 61952K, 4% used [0x00000000c2c00000,0x00000000c2eba3c0,0x00000000c6880000)
 Metaspace       used 9850K, capacity 10048K, committed 10368K, reserved 1058816K
  class space    used 1195K, capacity 1281K, committed 1408K, reserved 1048576K
Event: 3.719 GC heap after
Heap after GC invocations=18 (full 0):
 PSYoungGen      total 13312K, used 1456K [0x00000000eb980000, 0x00000000ec800000, 0x0000000100000000)
  eden space 11776K, 0% used [0x00000000eb980000,0x00000000eb980000,0x00000000ec500000)
  from space 1536K, 94% used [0x00000000ec680000,0x00000000ec7ec090,0x00000000ec800000)
  to   space 1536K, 0% used [0x00000000ec500000,0x00000000ec500000,0x00000000ec680000)
 ParOldGen       total 61952K, used 3103K [0x00000000c2c00000, 0x00000000c6880000, 0x00000000eb980000)
  object space 61952K, 5% used [0x00000000c2c00000,0x00000000c2f07d90,0x00000000c6880000)
 Metaspace       used 9850K, capacity 10048K, committed 10368K, reserved 1058816K
  class space    used 1195K, capacity 1281K, committed 1408K, reserved 1048576K
}
Event: 3.855 GC heap before
{Heap before GC invocations=19 (full 0):
 PSYoungGen      total 13312K, used 13232K [0x00000000eb980000, 0x00000000ec800000, 0x0000000100000000)
  eden space 11776K, 100% used [0x00000000eb980000,0x00000000ec500000,0x00000000ec500000)
  from space 1536K, 94% used [0x00000000ec680000,0x00000000ec7ec090,0x00000000ec800000)
  to   space 1536K, 0% used [0x00000000ec500000,0x00000000ec500000,0x00000000ec680000)
 ParOldGen       total 61952K, used 3103K [0x00000000c2c00000, 0x00000000c6880000, 0x00000000eb980000)
  object space 61952K, 5% used [0x00000000c2c00000,0x00000000c2f07d90,0x00000000c6880000)
 Metaspace       used 11068K, capacity 11344K, committed 11520K, reserved 1058816K
  class space    used 1374K, capacity 1480K, committed 1536K, reserved 1048576K
Event: 3.857 GC heap after
Heap after GC invocations=19 (full 0):
 PSYoungGen      total 13312K, used 1507K [0x00000000eb980000, 0x00000000ec800000, 0x0000000100000000)
  eden space 11776K, 0% used [0x00000000eb980000,0x00000000eb980000,0x00000000ec500000)
  from space 1536K, 98% used [0x00000000ec500000,0x00000000ec678d00,0x00000000ec680000)
  to   space 1536K, 0% used [0x00000000ec680000,0x00000000ec680000,0x00000000ec800000)
 ParOldGen       total 61952K, used 3610K [0x00000000c2c00000, 0x00000000c6880000, 0x00000000eb980000)
  object space 61952K, 5% used [0x00000000c2c00000,0x00000000c2f86810,0x00000000c6880000)
 Metaspace       used 11068K, capacity 11344K, committed 11520K, reserved 1058816K
  class space    used 1374K, capacity 1480K, committed 1536K, reserved 1048576K
}
Event: 4.185 GC heap before
{Heap before GC invocations=20 (full 0):
 PSYoungGen      total 13312K, used 13283K [0x00000000eb980000, 0x00000000ec800000, 0x0000000100000000)
  eden space 11776K, 100% used [0x00000000eb980000,0x00000000ec500000,0x00000000ec500000)
  from space 1536K, 98% used [0x00000000ec500000,0x00000000ec678d00,0x00000000ec680000)
  to   space 1536K, 0% used [0x00000000ec680000,0x00000000ec680000,0x00000000ec800000)
 ParOldGen       total 61952K, used 3610K [0x00000000c2c00000, 0x00000000c6880000, 0x00000000eb980000)
  object space 61952K, 5% used [0x00000000c2c00000,0x00000000c2f86810,0x00000000c6880000)
 Metaspace       used 12217K, capacity 12410K, committed 12672K, reserved 1060864K
  class space    used 1540K, capacity 1641K, committed 1664K, reserved 1048576K
Event: 4.187 GC heap after
Heap after GC invocations=20 (full 0):
 PSYoungGen      total 12288K, used 1524K [0x00000000eb980000, 0x00000000ec980000, 0x0000000100000000)
  eden space 10752K, 0% used [0x00000000eb980000,0x00000000eb980000,0x00000000ec400000)
  from space 1536K, 99% used [0x00000000ec680000,0x00000000ec7fd3c0,0x00000000ec800000)
  to   space 2560K, 0% used [0x00000000ec400000,0x00000000ec400000,0x00000000ec680000)
 ParOldGen       total 61952K, used 4320K [0x00000000c2c00000, 0x00000000c6880000, 0x00000000eb980000)
  object space 61952K, 6% used [0x00000000c2c00000,0x00000000c3038290,0x00000000c6880000)
 Metaspace       used 12217K, capacity 12410K, committed 12672K, reserved 1060864K
  class space    used 1540K, capacity 1641K, committed 1664K, reserved 1048576K
}

